<?xml version="1.0" encoding="UTF-8"?>
<!-- Generated by org.testng.reporters.JUnitXMLReporter -->
<testsuite hostname="SCINDIA-PC" ignored="0" name="Default test" tests="4" failures="0" timestamp="2020-01-17T14:16:05 IST" time="285.847" errors="0">
  <testcase name="signOutTest" time="92.812" classname="eBayApplication.AppTest"/>
  <testcase name="checkOutTest" time="23.673" classname="eBayApplication.AppTest"/>
  <testcase name="loginTest" time="0.001" classname="eBayApplication.AppTest"/>
  <testcase name="failTest" time="7.361" classname="eBayApplication.AppTest"/>
</testsuite> <!-- Default test -->
